<?xml version="1.0" encoding="UTF-8"?>
<!-- Generated by org.testng.reporters.JUnitReportReporter -->
<testsuite hostname="WINDOWS-080F6S1" failures="0" tests="1" name="testng.DemoForParameters" time="0.022" errors="0" timestamp="2023-11-10T17:17:40 IST" skipped="0">
  <testcase classname="testng.DemoForParameters" name="demo" time="0.022"/>
  <system-out/>
</testsuite> <!-- testng.DemoForParameters -->
