<?xml version="1.0" encoding="UTF-8"?>
<!-- Generated by org.testng.reporters.JUnitReportReporter -->
<testsuite hostname="WINDOWS-080F6S1" failures="0" tests="3" name="testng.DemonstratePriority" time="0.012" errors="0" timestamp="2023-11-08T12:16:35 IST" skipped="0">
  <testcase classname="testng.DemonstratePriority" name="home" time="0.010"/>
  <system-out/>
  <testcase classname="testng.DemonstratePriority" name="login" time="0.001"/>
  <system-out/>
  <testcase classname="testng.DemonstratePriority" name="logout" time="0.001"/>
  <system-out/>
</testsuite> <!-- testng.DemonstratePriority -->
