<?xml version="1.0" encoding="UTF-8"?>
<!-- Generated by org.testng.reporters.JUnitReportReporter -->
<testsuite hostname="WINDOWS-080F6S1" failures="0" tests="2" name="testng.ConfigurationAnnotation" time="0.014" errors="0" timestamp="2023-11-11T09:35:18 IST" skipped="0">
  <testcase classname="testng.ConfigurationAnnotation" name="method1" time="0.011"/>
  <system-out/>
  <testcase classname="testng.ConfigurationAnnotation" name="method2" time="0.003"/>
  <system-out/>
</testsuite> <!-- testng.ConfigurationAnnotation -->
