<?xml version="1.0" encoding="UTF-8"?>
<!-- Generated by org.testng.reporters.JUnitReportReporter -->
<testsuite hostname="WINDOWS-080F6S1" failures="0" tests="1" name="testng.GnerateReports" time="74.602" errors="0" timestamp="2023-11-11T09:58:59 IST" skipped="0">
  <testcase classname="testng.GnerateReports" name="testCase" time="74.602"/>
  <system-out>
    <![CDATA[browser is launched
navigate to amazon
browser is closed]]>
  </system-out>
</testsuite> <!-- testng.GnerateReports -->
