<?xml version="1.0" encoding="UTF-8"?>
<!-- Generated by org.testng.reporters.JUnitReportReporter -->
<testsuite hostname="WINDOWS-080F6S1" failures="0" tests="10" name="testng.DemonstrationOfInvocationCount" time="0.036" errors="0" timestamp="2023-11-09T09:22:46 IST" skipped="0">
  <testcase classname="testng.DemonstrationOfInvocationCount" name="login" time="0.004"/>
  <system-out/>
  <testcase classname="testng.DemonstrationOfInvocationCount" name="login" time="0.003"/>
  <system-out/>
  <testcase classname="testng.DemonstrationOfInvocationCount" name="login" time="0.001"/>
  <system-out/>
  <testcase classname="testng.DemonstrationOfInvocationCount" name="login" time="0.002"/>
  <system-out/>
  <testcase classname="testng.DemonstrationOfInvocationCount" name="login" time="0.002"/>
  <system-out/>
  <testcase classname="testng.DemonstrationOfInvocationCount" name="login" time="0.002"/>
  <system-out/>
  <testcase classname="testng.DemonstrationOfInvocationCount" name="login" time="0.003"/>
  <system-out/>
  <testcase classname="testng.DemonstrationOfInvocationCount" name="login" time="0.002"/>
  <system-out/>
  <testcase classname="testng.DemonstrationOfInvocationCount" name="login" time="0.002"/>
  <system-out/>
  <testcase classname="testng.DemonstrationOfInvocationCount" name="login" time="0.015"/>
  <system-out/>
</testsuite> <!-- testng.DemonstrationOfInvocationCount -->
