<?xml version="1.0" encoding="UTF-8"?>
<!-- Generated by org.testng.reporters.JUnitReportReporter -->
<testsuite hostname="WINDOWS-080F6S1" failures="0" tests="1" name="executions.TC_3" time="8.784" errors="0" timestamp="2023-11-10T09:40:42 IST" skipped="0">
  <testcase classname="executions.TC_3" name="navigateToAjio" time="8.784"/>
  <system-out/>
</testsuite> <!-- executions.TC_3 -->
