<?xml version="1.0" encoding="UTF-8"?>
<!-- Generated by org.testng.reporters.JUnitReportReporter -->
<testsuite hostname="WINDOWS-080F6S1" failures="0" tests="5" name="testng.DemoOnThreadpoolsize" time="23.526" errors="0" timestamp="2023-11-09T09:36:15 IST" skipped="0">
  <testcase classname="testng.DemoOnThreadpoolsize" name="login" time="5.675"/>
  <system-out/>
  <testcase classname="testng.DemoOnThreadpoolsize" name="login" time="3.571"/>
  <system-out/>
  <testcase classname="testng.DemoOnThreadpoolsize" name="login" time="5.617"/>
  <system-out/>
  <testcase classname="testng.DemoOnThreadpoolsize" name="login" time="3.868"/>
  <system-out/>
  <testcase classname="testng.DemoOnThreadpoolsize" name="login" time="4.795"/>
  <system-out/>
</testsuite> <!-- testng.DemoOnThreadpoolsize -->
