<?xml version="1.0" encoding="UTF-8"?>
<!-- Generated by org.testng.reporters.JUnitReportReporter -->
<testsuite hostname="WINDOWS-080F6S1" failures="0" tests="1" name="executions.TC_4" time="9.706" errors="0" timestamp="2023-11-10T09:40:42 IST" skipped="0">
  <testcase classname="executions.TC_4" name="navigateToMyntra" time="9.706"/>
  <system-out/>
</testsuite> <!-- executions.TC_4 -->
