<?xml version="1.0" encoding="UTF-8"?>
<!-- Generated by org.testng.reporters.JUnitReportReporter -->
<testsuite hostname="WINDOWS-080F6S1" failures="0" tests="1" name="testng.CrossBrowserExecution" time="7.145" errors="0" timestamp="2023-11-10T17:30:58 IST" skipped="0">
  <testcase classname="testng.CrossBrowserExecution" name="cbt" time="7.145"/>
  <system-out/>
</testsuite> <!-- testng.CrossBrowserExecution -->
