<?xml version="1.0" encoding="UTF-8"?>
<!-- Generated by org.testng.reporters.JUnitReportReporter -->
<testsuite hostname="WINDOWS-080F6S1" failures="0" tests="1" name="testng.Demo" time="0.013" errors="0" timestamp="2023-11-08T12:11:48 IST" skipped="0">
  <testcase classname="testng.Demo" name="sample" time="0.013"/>
  <system-out/>
</testsuite> <!-- testng.Demo -->
