<?xml version="1.0" encoding="UTF-8"?>
<!-- Generated by org.testng.reporters.JUnitReportReporter -->
<testsuite hostname="WINDOWS-080F6S1" failures="0" tests="3" name="testng.DemonstrateOfDependenceOnMethod" time="0.019" errors="0" timestamp="2023-11-09T09:44:14 IST" skipped="1">
  <testcase classname="testng.DemonstrateOfDependenceOnMethod" name="login" time="0.017"/>
  <system-out/>
  <testcase classname="testng.DemonstrateOfDependenceOnMethod" name="home" time="0.002"/>
  <system-out/>
  <testcase classname="testng.DemonstrateOfDependenceOnMethod" name="logout">
    <skipped/>
  </testcase> <!-- logout -->
  <system-out/>
</testsuite> <!-- testng.DemonstrateOfDependenceOnMethod -->
